<?xml version="1.0" encoding="UTF-8"?>
<testsuite xmlns:xsi="http://www.w3.org/2001/XMLSchema-instance" xsi:noNamespaceSchemaLocation="https://maven.apache.org/surefire/maven-surefire-plugin/xsd/surefire-test-report-3.0.xsd" version="3.0" name="calculatorTest" time="0.093" tests="4" errors="0" skipped="2" failures="0">
  <properties>
[...]
</properties>
  <testcase name="testAdd" classname="calculatorTest" time="0">
    <skipped/>
  </testcase>
  <testcase name="testSub" classname="calculatorTest" time="0.005"/>
  <testcase name="testprint" classname="calculatorTest" time="0.002"/>
  <testcase name="getRandomIndexData" classname="calculatorTest" time="0">
    <skipped/>
  </testcase>
</testsuite>